[debug] [2023-03-18T16:54:45.754Z] ----------------------------------------------------------------------
[debug] [2023-03-18T16:54:45.756Z] Command:       C:\Program Files\nodejs\node.exe C:\Users\qq\AppData\Roaming\npm\node_modules\firebase-tools\lib\bin\firebase.js init
[debug] [2023-03-18T16:54:45.757Z] CLI Version:   11.24.1
[debug] [2023-03-18T16:54:45.757Z] Platform:      win32
[debug] [2023-03-18T16:54:45.757Z] Node Version:  v19.5.0
[debug] [2023-03-18T16:54:45.757Z] Time:          Sat Mar 18 2023 19:54:45 GMT+0300 (Москва, стандартное время)
[debug] [2023-03-18T16:54:45.757Z] ----------------------------------------------------------------------
[debug] 
[debug] [2023-03-18T16:54:45.763Z] > command requires scopes: ["email","openid","https://www.googleapis.com/auth/cloudplatformprojects.readonly","https://www.googleapis.com/auth/firebase","https://www.googleapis.com/auth/cloud-platform"]
[debug] [2023-03-18T16:54:45.763Z] > authorizing via signed-in user (maxeverent@mail.ru)
[info] 
     ######## #### ########  ######## ########     ###     ######  ########
     ##        ##  ##     ## ##       ##     ##  ##   ##  ##       ##
     ######    ##  ########  ######   ########  #########  ######  ######
     ##        ##  ##    ##  ##       ##     ## ##     ##       ## ##
     ##       #### ##     ## ######## ########  ##     ##  ######  ########

You're about to initialize a Firebase project in this directory:

  C:\api

Before we get started, keep in mind:

  * You are currently outside your home directory

